current directory: /var/work/src/git/gnome/toolbox/.gem/ruby/2.6.0/gems/eventmachine-1.2.7/ext/fastfilereader
/var/home/jimmac/.rvm/rubies/ruby-2.6.0/bin/ruby -I /var/home/jimmac/.rvm/rubies/ruby-2.6.0/lib/ruby/site_ruby/2.6.0 -r ./siteconf20210917-513325-1hp7apc.rb extconf.rb
creating Makefile

current directory: /var/work/src/git/gnome/toolbox/.gem/ruby/2.6.0/gems/eventmachine-1.2.7/ext/fastfilereader
make "DESTDIR=" clean

current directory: /var/work/src/git/gnome/toolbox/.gem/ruby/2.6.0/gems/eventmachine-1.2.7/ext/fastfilereader
make "DESTDIR="
compiling mapper.cpp
cc1plus: warning: command-line option ‘-Wdeclaration-after-statement’ is valid for C/ObjC but not for C++
cc1plus: warning: command-line option ‘-Wimplicit-function-declaration’ is valid for C/ObjC but not for C++
cc1plus: warning: command-line option ‘-Wimplicit-int’ is valid for C/ObjC but not for C++
cc1plus: note: unrecognized command-line option ‘-Wno-self-assign’ may have been intended to silence earlier diagnostics
cc1plus: note: unrecognized command-line option ‘-Wno-parentheses-equality’ may have been intended to silence earlier diagnostics
cc1plus: note: unrecognized command-line option ‘-Wno-constant-logical-operand’ may have been intended to silence earlier diagnostics
compiling rubymain.cpp
cc1plus: warning: command-line option ‘-Wdeclaration-after-statement’ is valid for C/ObjC but not for C++
cc1plus: warning: command-line option ‘-Wimplicit-function-declaration’ is valid for C/ObjC but not for C++
cc1plus: warning: command-line option ‘-Wimplicit-int’ is valid for C/ObjC but not for C++
In file included from /var/home/jimmac/.rvm/rubies/ruby-2.6.0/include/ruby-2.6.0/ruby/ruby.h:2111,
                 from /var/home/jimmac/.rvm/rubies/ruby-2.6.0/include/ruby-2.6.0/ruby.h:33,
                 from rubymain.cpp:25:
/var/home/jimmac/.rvm/rubies/ruby-2.6.0/include/ruby-2.6.0/ruby/intern.h:56:33: warning: ISO C++17 does not allow ‘register’ storage class specifier [-Wregister]
   56 | void rb_mem_clear(register VALUE*, register long);
      |                                 ^
/var/home/jimmac/.rvm/rubies/ruby-2.6.0/include/ruby-2.6.0/ruby/intern.h:56:45: warning: ISO C++17 does not allow ‘register’ storage class specifier [-Wregister]
   56 | void rb_mem_clear(register VALUE*, register long);
      |                                             ^~~~
cc1plus: note: unrecognized command-line option ‘-Wno-self-assign’ may have been intended to silence earlier diagnostics
cc1plus: note: unrecognized command-line option ‘-Wno-parentheses-equality’ may have been intended to silence earlier diagnostics
cc1plus: note: unrecognized command-line option ‘-Wno-constant-logical-operand’ may have been intended to silence earlier diagnostics
linking shared-object fastfilereaderext.so

current directory: /var/work/src/git/gnome/toolbox/.gem/ruby/2.6.0/gems/eventmachine-1.2.7/ext/fastfilereader
make "DESTDIR=" install
/var/home/jimmac/bin/install -c -m 0755 fastfilereaderext.so ./.gem.20210917-513325-suq8ga
